<?xml version="1.0" encoding="UTF-8"?>
<!-- Generated by org.testng.reporters.JUnitReportReporter -->
<testsuite hostname="HP" name="tests.DataProviderExample" tests="3" failures="0" timestamp="24 Apr 2019 04:46:05 GMT" time="51.250" errors="0">
  <testcase name="test" time="24.426" classname="tests.DataProviderExample"/>
  <testcase name="test" time="15.262" classname="tests.DataProviderExample"/>
  <testcase name="test" time="11.562" classname="tests.DataProviderExample"/>
</testsuite> <!-- tests.DataProviderExample -->
